[    0.000000] Linux version 4.15.0-48-generic (buildd@lgw01-amd64-036) (gcc version 7.3.0 (Ubuntu 7.3.0-16ubuntu3)) #51-Ubuntu SMP Wed Apr 3 08:28:49 UTC 2019 (Ubuntu 4.15.0-48.51-generic 4.15.18)
[    0.000000] Command line: BOOT_IMAGE=/boot/vmlinuz-4.15.0-48-generic root=LABEL=cloudimg-rootfs ro console=tty1 console=ttyS0
[    0.000000] KERNEL supported cpus:
[    0.000000]   Intel GenuineIntel
[    0.000000]   AMD AuthenticAMD
[    0.000000]   Centaur CentaurHauls
[    0.000000] x86/fpu: Supporting XSAVE feature 0x001: 'x87 floating point registers'
[    0.000000] x86/fpu: Supporting XSAVE feature 0x002: 'SSE registers'
[    0.000000] x86/fpu: Supporting XSAVE feature 0x004: 'AVX registers'
[    0.000000] x86/fpu: xstate_offset[2]:  576, xstate_sizes[2]:  256
[    0.000000] x86/fpu: Enabled xstate features 0x7, context size is 832 bytes, using 'standard' format.
[    0.000000] e820: BIOS-provided physical RAM map:
[    0.000000] BIOS-e820: [mem 0x0000000000000000-0x000000000009fbff] usable
[    0.000000] BIOS-e820: [mem 0x000000000009fc00-0x000000000009ffff] reserved
[    0.000000] BIOS-e820: [mem 0x00000000000f0000-0x00000000000fffff] reserved
[    0.000000] BIOS-e820: [mem 0x0000000000100000-0x000000007ffeffff] usable
[    0.000000] BIOS-e820: [mem 0x000000007fff0000-0x000000007fffffff] ACPI data
[    0.000000] BIOS-e820: [mem 0x00000000fec00000-0x00000000fec00fff] reserved
[    0.000000] BIOS-e820: [mem 0x00000000fee00000-0x00000000fee00fff] reserved
[    0.000000] BIOS-e820: [mem 0x00000000fffc0000-0x00000000ffffffff] reserved
[    0.000000] NX (Execute Disable) protection: active
[    0.000000] SMBIOS 2.5 present.
[    0.000000] DMI: innotek GmbH VirtualBox/VirtualBox, BIOS VirtualBox 12/01/2006
[    0.000000] Hypervisor detected: KVM
[    0.000000] e820: last_pfn = 0x7fff0 max_arch_pfn = 0x400000000
[    0.000000] MTRR: Disabled
[    0.000000] x86/PAT: MTRRs disabled, skipping PAT initialization too.
[    0.000000] CPU MTRRs all blank - virtualized system.
[    0.000000] x86/PAT: Configuration [0-7]: WB  WT  UC- UC  WB  WT  UC- UC  
[    0.000000] found SMP MP-table at [mem 0x0009fff0-0x0009ffff] mapped at [        (ptrval)]
[    0.000000] Scanning 1 areas for low memory corruption
[    0.000000] RAMDISK: [mem 0x35adb000-0x36d64fff]
[    0.000000] ACPI: Early table checksum verification disabled
[    0.000000] ACPI: RSDP 0x00000000000E0000 000024 (v02 VBOX  )
[    0.000000] ACPI: XSDT 0x000000007FFF0030 00003C (v01 VBOX   VBOXXSDT 00000001 ASL  00000061)
[    0.000000] ACPI: FACP 0x000000007FFF00F0 0000F4 (v04 VBOX   VBOXFACP 00000001 ASL  00000061)
[    0.000000] ACPI: DSDT 0x000000007FFF0470 0021FF (v02 VBOX   VBOXBIOS 00000002 INTL 20180105)
[    0.000000] ACPI: FACS 0x000000007FFF0200 000040
[    0.000000] ACPI: FACS 0x000000007FFF0200 000040
[    0.000000] ACPI: APIC 0x000000007FFF0240 00005C (v02 VBOX   VBOXAPIC 00000001 ASL  00000061)
[    0.000000] ACPI: SSDT 0x000000007FFF02A0 0001CC (v01 VBOX   VBOXCPUT 00000002 INTL 20180105)
[    0.000000] No NUMA configuration found
[    0.000000] Faking a node at [mem 0x0000000000000000-0x000000007ffeffff]
[    0.000000] NODE_DATA(0) allocated [mem 0x7ffc5000-0x7ffeffff]
[    0.000000] kvm-clock: cpu 0, msr 0:7ff44001, primary cpu clock
[    0.000000] kvm-clock: Using msrs 4b564d01 and 4b564d00
[    0.000000] kvm-clock: using sched offset of 3151120452 cycles
[    0.000000] clocksource: kvm-clock: mask: 0xffffffffffffffff max_cycles: 0x1cd42e4dffb, max_idle_ns: 881590591483 ns
[    0.000000] Zone ranges:
[    0.000000]   DMA      [mem 0x0000000000001000-0x0000000000ffffff]
[    0.000000]   DMA32    [mem 0x0000000001000000-0x000000007ffeffff]
[    0.000000]   Normal   empty
[    0.000000]   Device   empty
[    0.000000] Movable zone start for each node
[    0.000000] Early memory node ranges
[    0.000000]   node   0: [mem 0x0000000000001000-0x000000000009efff]
[    0.000000]   node   0: [mem 0x0000000000100000-0x000000007ffeffff]
[    0.000000] Reserved but unavailable: 114 pages
[    0.000000] Initmem setup node 0 [mem 0x0000000000001000-0x000000007ffeffff]
[    0.000000] ACPI: PM-Timer IO Port: 0x4008
[    0.000000] IOAPIC[0]: apic_id 2, version 32, address 0xfec00000, GSI 0-23
[    0.000000] ACPI: INT_SRC_OVR (bus 0 bus_irq 0 global_irq 2 dfl dfl)
[    0.000000] ACPI: INT_SRC_OVR (bus 0 bus_irq 9 global_irq 9 low level)
[    0.000000] Using ACPI (MADT) for SMP configuration information
[    0.000000] smpboot: Allowing 2 CPUs, 0 hotplug CPUs
[    0.000000] PM: Registered nosave memory: [mem 0x00000000-0x00000fff]
[    0.000000] PM: Registered nosave memory: [mem 0x0009f000-0x0009ffff]
[    0.000000] PM: Registered nosave memory: [mem 0x000a0000-0x000effff]
[    0.000000] PM: Registered nosave memory: [mem 0x000f0000-0x000fffff]
[    0.000000] e820: [mem 0x80000000-0xfebfffff] available for PCI devices
[    0.000000] Booting paravirtualized kernel on KVM
[    0.000000] clocksource: refined-jiffies: mask: 0xffffffff max_cycles: 0xffffffff, max_idle_ns: 7645519600211568 ns
[    0.000000] random: get_random_bytes called from start_kernel+0x99/0x4fd with crng_init=0
[    0.000000] setup_percpu: NR_CPUS:8192 nr_cpumask_bits:2 nr_cpu_ids:2 nr_node_ids:1
[    0.000000] percpu: Embedded 46 pages/cpu @        (ptrval) s151552 r8192 d28672 u1048576
[    0.000000] PV qspinlock hash table entries: 256 (order: 0, 4096 bytes)
[    0.000000] Built 1 zonelists, mobility grouping on.  Total pages: 515961
[    0.000000] Policy zone: DMA32
[    0.000000] Kernel command line: BOOT_IMAGE=/boot/vmlinuz-4.15.0-48-generic root=LABEL=cloudimg-rootfs ro console=tty1 console=ttyS0
[    0.000000] Memory: 2015792K/2096696K available (12300K kernel code, 2473K rwdata, 4276K rodata, 2408K init, 2416K bss, 80904K reserved, 0K cma-reserved)
[    0.000000] SLUB: HWalign=64, Order=0-3, MinObjects=0, CPUs=2, Nodes=1
[    0.000000] Kernel/User page tables isolation: enabled
[    0.000000] ftrace: allocating 39226 entries in 154 pages
[    0.004000] Hierarchical RCU implementation.
[    0.004000] 	RCU restricting CPUs from NR_CPUS=8192 to nr_cpu_ids=2.
[    0.004000] 	Tasks RCU enabled.
[    0.004000] RCU: Adjusting geometry for rcu_fanout_leaf=16, nr_cpu_ids=2
[    0.004000] NR_IRQS: 524544, nr_irqs: 440, preallocated irqs: 16
[    0.004000] Console: colour VGA+ 80x25
[    0.004000] console [tty1] enabled
[    0.004000] console [ttyS0] enabled
[    0.004000] ACPI: Core revision 20170831
[    0.004000] ACPI: 2 ACPI AML tables successfully acquired and loaded
[    0.004000] APIC: Switch to symmetric I/O mode setup
[    0.004000] x2apic enabled
[    0.004000] Switched APIC routing to physical x2apic.
[    0.004000] ..TIMER: vector=0x30 apic1=0 pin1=2 apic2=-1 pin2=-1
[    0.004000] tsc: Detected 4077.840 MHz processor
[    0.004000] Calibrating delay loop (skipped) preset value.. 8155.68 BogoMIPS (lpj=16311360)
[    0.004003] pid_max:efault: 32768 minimum: 301
[    0.008022] Security Framework initialized
[    0.008458] Yama: becoming mindful.
[    0.008851] AppArmor: AppArmor initialized
[    0.009722] Dentry cache hash table entries: 262144 (order: 9, 2097152 bytes)
[    0.010764] Inode-cache hash table entries: 131072 (order: 8, 1048576 bytes)
[    0.011482] Mount-cache hash table entries: 4096 (order: 3, 32768 bytes)
[    0.012004] Mountpoint-cache hash table entries: 4096 (order: 3, 32768 bytes)
[    0.012867] mce: CPU supports 0 MCE banks
[    0.013307] Last level iTLB entries: 4KB 64, 2MB 8, 4MB 8
[    0.013855] Last level dTLB entries: 4KB 64, 2MB 0, 4MB 0, 1GB 4
[    0.014463] Spectre V2 : Mitigation: Full generic retpoline
[    0.015026] Spectre V2 : Spectre v2 / SpectreRSB mitigation: Filling RSB on context switch
[    0.016001] Speculative Store Bypass: Vulnerable
[    0.020065] Freeing SMP alternatives memory: 36K
[    0.024000] smpboot: CPU0: Intel(R) Core(TM) i7-6700K CPU @ 4.00GHz (family: 0x6, model: 0x5e, stepping: 0x3)
[    0.024053] Performance Events: unsupported p6 CPU model 94 no PMU driver, software events only.
[    0.024971] Hierarchical SRCU implementation.
[    0.025871] NMI watchdog: Perf event create on CPU 0 failed with -2
[    0.026509] NMI watchdog: Perf NMI watchdog permanently disabled
[    0.027140] smp: Bringing up secondary CPUs ...
[    0.028052] x86: Booting SMP configuration:
[    0.028498] .... node  #0, CPUs:      #1
[    0.004000] kvm-clock: cpu 1, msr 0:7ff44041, secondary cpu clock
[    0.004000] mce: CPU supports 0 MCE banks
[    0.070139] smp: Brought up 1 node, 2 CPUs
[    0.070139] smpboot: Max logical packages: 1
[    0.070139] smpboot: Total of 2 processors activated (16311.36 BogoMIPS)
[    0.072037] devtmpfs: initialized
[    0.072410] x86/mm: Memory block size: 128MB
[    0.073011] evm: security.selinux
[    0.073380] evm: security.SMACK64
[    0.073745] evm: security.SMACK64EXEC
[    0.074142] evm: security.SMACK64TRANSMUTE
[    0.074577] evm: security.SMACK64MMAP
[    0.074973] evm: security.apparmor
[    0.075346] evm: security.ima
[    0.075681] evm: security.capability
[    0.076055] clocksource: jiffies: mask: 0xffffffff max_cycles: 0xffffffff, max_idle_ns: 7645041785100000 ns
[    0.076989] futex hash table entries: 512 (order: 3, 32768 bytes)
[    0.077630] pinctrl core: initialized pinctrl subsystem
[    0.078233] RTC time: 13:44:32, date: 04/26/19
[    0.078818] NET: Registered protocol family 16
[    0.079334] audit: initializing netlink subsys (disabled)
[    0.080016] audit: type=2000 audit(1556286276.623:1): state=initialized audit_enabled=0 res=1
[    0.080079] cpuidle: using governor ladder
[    0.084020] cpuidle: using governor menu
[    0.088053] ACPI: bus type PCI registered
[    0.088616] acpiphp: ACPI Hot Plug PCI Controller Driver version: 0.5
[    0.089544] PCI: Using configuration type 1 for base access
[    0.093066] HugeTLB registered 2.00 MiB page size, pre-allocated 0 pages
[    0.093066] ACPI: Added _OSI(Module Device)
[    0.093066] ACPI: Added _OSI(Processor Device)
[    0.096005] ACPI: Added _OSI(3.0 _SCP Extensions)
[    0.096493] ACPI: Added _OSI(Processor Aggregator Device)
[    0.097046] ACPI: Added _OSI(Linux-Dell-Video)
[    0.097509] ACPI: Added _OSI(Linux-Lenovo-NV-HDMI-Audio)
[    0.098048] ACPI: Added _OSI(Linux-HPI-Hybrid-Graphics)
[    0.098761] ACPI: Executed 1 blocks of module-level executable AML code
[    0.102071] ACPI: Interpreter enabled
[    0.103515] ACPI: (supports S0 S5)
[    0.103888] ACPI: Using IOAPIC for interrupt routing
[    0.104158] PCI: Using host bridge windows from ACPI; if necessary, use "pci=nocrs" and report a bug
[    0.105392] ACPI: Enabled 2 GPEs in block 00 to 07
[    0.111637] ACPI: PCI Root Bridge [PCI0] (domain 0000 [bus 00-ff])
[    0.112005] acpi PNP0A03:00: _OSC: OS supports [ASPM ClockPM Segments MSI]
[    0.112703] acpi PNP0A03:00: _OSC: not requesting OS control; OS requires [ExtendedConfig ASPM ClockPM MSI]
[    0.113674] acpi PNP0A03:00: fail to add MMCONFIG information, can't access extended PCI configuration space under this bridge.
[    0.115061] PCI host bridge to bus 0000:00
[    0.115507] pci_bus 0000:00: root bus resource [io  0x0000-0x0cf7 window]
[    0.116002] pci_bus 0000:00: root bus resource [io  0x0d00-0xffff window]
[    0.116710] pci_bus 0000:00: root bus resource [mem 0x000a0000-0x000bffff window]
[    0.117476] pci_bus 0000:00: root bus resource [mem 0x80000000-0xfdffffff window]
[    0.118250] pci_bus 0000:00: root bus resource [bus 00-ff]
[    0.120606] pci 0000:00:01.1: legacy IDE quirk: reg 0x10: [io  0x01f0-0x01f7]
[    0.121315] pci 0000:00:01.1: legacy IDE quirk: reg 0x14: [io  0x03f6]
[    0.121963] pci 0000:00:01.1: legacy IDE quirk: reg 0x18: [io  0x0170-0x0177]
[    0.122675] pci 0000:00:01.1: legacy IDE quirk: reg 0x1c: [io  0x0376]
[    0.138754] pci 0000:00:07.0: quirk: [io  0x4000-0x403f] claimed by PIIX4 ACPI
[    0.140013] pci 0000:00:07.0: quirk: [io  0x4100-0x410f] claimed by PIIX4 SMB
[    0.150566] ACPI: PCI Interrupt Link [LNKA] (IRQs 5 9 10 *11)
[    0.152224] ACPI: PCI Interrupt Link [LNKB] (IRQs 5 9 *10 11)
[    0.152972] ACPI: PCI Interrupt Link [LNKC] (IRQs 5 *9 10 11)
[    0.153709] ACPI: PCI Interrupt Link [LNKD] (IRQs 5 9 10 *11)
[    0.154678] SCSI subsystem initialized
[    0.155168] pci 0000:00:02.0: vgaarb: setting as boot VGA device
[    0.155168] pci 0000:00:02.0: vgaarb: VGA device added: decodes=io+mem,owns=io+mem,locks=none
[    0.156006] pci 0000:00:02.0: vgaarb: bridge control possible
[    0.156684] vgaarb: loaded
[    0.157060] ACPI: bus type USB registered
[    0.157553] usbcore: registered new interface driver usbfs
[    0.158164] usbcore: registered new interface driver hub
[    0.160030] usbcore: registered new device driver usb
[    0.161488] EDAC MC: Ver: 3.0.0
[    0.161488] PCI: Using ACPI for IRQ routing
[    0.164173] NetLabel: Initializing
[    0.164601] NetLabel:  domain hash size = 128
[    0.165118] NetLabel:  protocols = UNLABELED CIPSOv4 CALIPSO
[    0.165788] NetLabel:  unlabeled traffic allowed by default
[    0.166442] clocksource: Switched to clocksource kvm-clock
[    0.171774] VFS: Disk quotas dquot_6.6.0
[    0.172323] VFS: Dquot-cache hash table entries: 512 (order 0, 4096 bytes)
[    0.173192] AppArmor: AppArmor Filesystem Enabled
[    0.173754] pnp: PnP ACPI init
[    0.174741] pnp: PnP ACPI: found 3 devices
[    0.182364] clocksource: acpi_pm: mask: 0xffffff max_cycles: 0xffffff, max_idle_ns: 2085701024 ns
[    0.183441] NET: Registered protocol family 2
[    0.184123] TCP established hash table entries: 16384 (order: 5, 131072 bytes)
[    0.185014] TCP bind hash table entries: 16384 (order: 6, 262144 bytes)
[    0.186124] TCP: Hash tables configured (established 16384 bind 16384)
[    0.186899] UDP hash table entries: 1024 (order: 3, 32768 bytes)
[    0.187630] UDP-Lite hash table entries: 1024 (order: 3, 32768 bytes)
[    0.188412] NET: Registered protocol family 1
[    0.188956] pci 0000:00:00.0: Limiting direct PCI/PCI transfers
[    0.189662] pci 0000:00:01.0: Activating ISA DMA hang workarounds
[    0.190400] pci 0000:00:02.0: Video device with shadowed ROM at [mem 0x000c0000-0x000dffff]
[    0.191433] Unpacking initramfs...
[    0.385196] Freeing initrd memory: 18984K
[    0.387949] platform rtc_cmos: registered platform RTC device (no PNP device found)
[    0.388959] Scanning for low memory corruption every 60 seconds
[    0.390140] Initialise system trusted keyrings
[    0.390665] Key type blacklist registered
[    0.391205] workingset: timestamp_bits=36 max_order=19 bucket_order=0
[    0.392610] zbud: loaded
[    0.393327] squashfs: version 4.0 (2009/01/31) Phillip Lougher
[    0.394198] fuse init (API version 7.26)
[    0.396149] Key type asymmetric registered
[    0.396656] Asymmetric key parser 'x509' registered
[    0.397244] Block layer SCSI generic (bsg) driver version 0.4 loaded (major 246)
[    0.398048] io scheduler noop registered
[    0.398469] io scheduler deadline registered
[    0.398935] io scheduler cfq registered (default)
[    0.399622] ACPI: AC Adapter [AC] (on-line)
[    0.400117] input: Power Button as /devices/LNXSYSTM:00/LNXPWRBN:00/input/input0
[    0.400941] ACPI: Power Button [PWRF]
[    0.401383] input: Sleep Button as /devices/LNXSYSTM:00/LNXSLPBN:00/input/input1
[    0.402156] ACPI: Sleep Button [SLPF]
[    0.402921] Serial: 8250/16550 driver, 32 ports, IRQ sharing enabled
[    0.424988] 00:02: ttyS0 at I/O 0x3f8 (irq = 4, base_baud = 115200) is a 16550A
[    0.427475] Linux agpgart interface v0.103
[    0.429252] loop: module loaded
[    0.430770] scsi host0: ata_piix
[    0.431926] scsi host1: ata_piix
[    0.432662] ata1: PATA max UDMA/33 cmd 0x1f0 ctl 0x3f6 bmdma 0xd000 irq 14
[    0.433343] ata2: PATA max UDMA/33 cmd 0x170 ctl 0x376 bmdma 0xd008 irq 15
[    0.434229] libphy: Fixed MDIO Bus: probed
[    0.434684] tun: Universal TUN/TAP device driver, 1.6
[    0.435246] PPP generic driver version 2.4.2
[    0.435740] ehci_hcd: USB 2.0 'Enhanced' Host Controller (EHCI) Driver
[    0.436410] ehci-pci: EHCI PCI platform driver
[    0.436890] ehci-platform: EHCI generic platform driver
[    0.437439] ohci_hcd: USB 1.1 'Open' Host Controller (OHCI) Driver
[    0.438067] ohci-pci: OHCI PCI platform driver
[    0.438537] ohci-platform: OHCI generic platform driver
[    0.439074] uhci_hcd: USB Universal Host Controller Interface driver
[    0.439737] i8042: PNP: PS/2 Controller [PNP0303:PS2K,PNP0f03:PS2M] at 0x60,0x64 irq 1,12
[    0.440943] serio: i8042 KBD port at 0x60,0x64 irq 1
[    0.441479] serio: i8042 AUX port at 0x60,0x64 irq 12
[    0.442130] mousedev: PS/2 mouse device common for all mice
[    0.443153] input: AT Translated Set 2 keyboard as /devices/platform/i8042/serio0/input/input2
[    0.444034] rtc_cmos rtc_cmos: rtc core: registered rtc_cmos as rtc0
[    0.444752] rtc_cmos rtc_cmos: alarms up to one day, 114 bytes nvram
[    0.445401] i2c /dev entries driver
[    0.445791] pcie_mp2_amd: AMD(R) PCI-E MP2 Communication Driver Version: 1.0
[    0.446539] device-mapper: uevent: version 1.0.3
[    0.447062] device-mapper: ioctl: 4.37.0-ioctl (2017-09-20) initialised: dm-devel@redhat.com
[    0.447979] ledtrig-cpu: registered to indicate activity on CPUs
[    0.448893] NET: Registered protocol family 10
[    0.451501] Segment Routing with IPv6
[    0.451926] NET: Registered protocol family 17
[    0.452484] Key type dns_resolver registered
[    0.453075] RAS: Correctable Errors collector initialized.
[    0.453659] sched_clock: Marking stable (453019834, 0)->(857639808, -404619974)
[    0.454620] registered taskstats version 1
[    0.455071] Loading compiled-in X.509 certificates
[    0.456967] Loaded X.509 cert 'Build time autogenerated kernel key: e7056c016f846647db0f624c10ce588fee742707'
[    0.458008] zswap: loaded using pool lzo/zbud
[    0.460564] Key type big_key registered
[    0.460997] Key type trusted registered
[    0.462305] Key type encrypted registered
[    0.462754] AppArmor: AppArmor sha1 policy hashing enabled
[    0.463323] ima: No TPM chip found, activating TPM-bypass! (rc=-19)
[    0.463958] ima: Allocated hash algorithm: sha1
[    0.464475] evm: HMAC attrs: 0x1
[    0.464962]   Magic number: 15:5:737
[    0.465419] rtc_cmos rtc_cmos: setting system clock to 2019-04-26 13:44:33 UTC (1556286273)
[    0.466345] BIOS EDD facility v0.16 2004-Jun-25, 0 devices found
[    0.466974] EDD information not available.
[    0.601238] Freeing unused kernel image memory: 2408K
[    0.988014] Write protecting the kernel read-only data: 20480k
[    0.989007] Freeing unused kernel image memory: 2008K
[    0.989762] Freeing unused kernel image memory: 1868K
[    0.994312] x86/mm: Checked W+X mappings: passed, no W+X pages found.
[    0.994980] x86/mm: Checking user space page tables
[    0.999409] x86/mm: Checked W+X mappings: passed, no W+X pages found.
Loading, please wait...
starting version 237
[    1.042734] e1000: Intel(R) PRO/1000 Network Driver - version 7.3.21-k8-NAPI
[    1.072853] e1000: Copyright (c) 1999-2006 Intel Corporation.
[    1.075476] Fusion MPT base driver 3.04.20
[    1.075945] Copyright (c) 1999-2008 LSI Corporation
[    1.084886] AVX2 version of gcm_enc/dec engaged.
[    1.085575] AES CTR mode by8 optimization enabled
[    1.090186] Fusion MPT SPI Host driver 3.04.20
[    1.299994] input: ImExPS/2 Generic Explorer Mouse as /devices/platform/i8042/serio1/input/input4
[    1.416193] clocksource: tsc: mask: 0xffffffffffffffff max_cycles: 0x3ac79922d16, max_idle_ns: 440795312746 ns
[    1.435350] e1000 0000:00:03.0 eth0: (PCI:33MHz:32-bit) 02:be:86:f1:79:d5
[    1.435353] e1000 0000:00:03.0 eth0: Intel(R) PRO/1000 Network Connection
[    1.635119] e1000 0000:00:03.0 enp0s3: renamed from eth0
[    1.635392] mptbase: ioc0: Initiating bringup
[    2.468766] ioc0: LSI53C1030 A0: Capabilities={Initiator}
[    4.410735] scsi host2: ioc0: LSI53C1030 A0, FwRev=00000000h, Ports=1, MaxQ=256, IRQ=20
[    5.329396] scsi 2:0:0:0: Direct-Access     VBOX     HARDDISK         1.0  PQ: 0 ANSI: 5
[    5.376167] scsi target2:0:0: Beginning Domain Validation
[    5.428305] scsi target2:0:0: Domain Validation skipping write tests
[    5.429130] scsi target2:0:0: Ending Domain Validation
[    5.429856] scsi target2:0:0: asynchronous
[    5.430921] scsi 2:0:1:0: Direct-Access     VBOX     HARDDISK         1.0  PQ: 0 ANSI: 5
[    5.460143] scsi target2:0:1: Beginning Domain Validation
[    5.481748] random: fast init done
[    5.483177] scsi target2:0:1: Domain Validation skipping write tests
[    5.485257] scsi target2:0:1: Ending Domain Validation
[    5.486697] scsi target2:0:1: asynchronous
[    5.493805] random: systemd-udevd: uninitialized urandom read (16 bytes read)
[    5.493922] sd 2:0:0:0: Attached scsi generic sg0 type 0
[    5.494155] sd 2:0:1:0: Attached scsi generic sg1 type 0
[    5.526900] sd 2:0:1:0: [sdb] 20480 512-byte logical blocks: (10.5 MB/10.0 MiB)
[    5.527688] sd 2:0:0:0: [sda] 20971520 512-byte logical blocks: (10.7 GB/10.0 GiB)
[    5.527697] sd 2:0:1:0: [sdb] Write Protect is off
[    5.527731] random: systemd-udevd: uninitialized urandom read (16 bytes read)
[    5.527745] sd 2:0:1:0: [sdb] Incomplete mode parameter data
[    5.527746] sd 2:0:1:0: [sdb] Assuming drive cache: write through
[    5.527753] random: systemd-udevd: uninitialized urandom read (16 bytes read)
[    5.566761] sd 2:0:1:0: [sdb] Attached SCSI disk
[    5.568582] sd 2:0:0:0: [sda] Write Protect is off
[    5.569208] sd 2:0:0:0: [sda] Incomplete mode parameter data
[    5.569885] sd 2:0:0:0: [sda] Assuming drive cache: write through
[    5.572098]  sda: sda1
[    5.572921] sd 2:0:0:0: [sda] Attached SCSI disk
Begin: Loading essential drivers ... [    6.910342] raid6: sse2x1   gen() 15845 MB/s
[    6.956063] raid6: sse2x1   xor() 10085 MB/s
[    7.004298] raid6: sse2x2   gen() 17479 MB/s
[    7.146279] raid6: sse2x2   xor() 12132 MB/s
[    7.195401] raid6: sse2x4   gen() 21445 MB/s
[    7.244536] raid6: sse2x4   xor() 13497 MB/s
[    7.618045] raid6: avx2x1   gen() 29511 MB/s
[    7.724753] raid6: avx2x1   xor() 18997 MB/s
[    7.775255] raid6: avx2x2   gen() 37437 MB/s
[    7.820183] raid6: avx2x2   xor() 21418 MB/s
[    7.873560] raid6: avx2x4   gen() 44147 MB/s
[    7.952206] raid6: avx2x4   xor() 26203 MB/s
[    7.952682] raid6: using algorithm avx2x4 gen() 44147 MB/s
[    7.953246] raid6: .... xor() 26203 MB/s, rmw enabled
[    7.953777] raid6: using avx2x2 recovery algorithm
[    7.955215] xor: automatically using best checksumming function   avx       
[    7.956750] async_tx: api initialized (async)
done.
Begin: Running /scripts/init-premount ... done[    7.986899] Btrfs loaded, crc32c=crc32c-intel
.
Begin: Mounting root file system ... Begin: Running /scripts/local-top ... done.
Begin: Running /scripts/local-premount ... Scanning for Btrfs filesystems
done.
Warning: fsck no[    8.016831] EXT4-fs (sda1): mounted filesystem with ordered data mode. Opts: (null)
t present, so skipping root file system
done.
Begin: Running /scripts/local-bottom ... done.
Begin: Running /scripts/init-bottom ... done.
[    8.353313] ip_tables: (C) 2000-2006 Netfilter Core Team
[    8.557215] systemd[1]: systemd 237 running in system mode. (+PAM +AUDIT +SELINUX +IMA +APPARMOR +SMACK +SYSVINIT +UTMP +LIBCRYPTSETUP +GCRYPT +GNUTLS +ACL +XZ +LZ4 +SECCOMP +BLKID +ELFUTILS +KMOD -IDN2 +IDN -PCRE2 default-hierarchy=hybrid)
[    8.582397] systemd[1]: Detected virtualization oracle.
[    8.582960] systemd[1]: Detected architecture x86-64.

Welcome to [1mUbuntu 18.04.2 LTS[0m!

[    8.587094] systemd[1]: Set hostname to <ubuntu>.
[    8.589213] systemd[1]: Initializing machine ID from random generator.
[    8.589901] systemd[1]: Installed transient /etc/machine-id file.
[    8.860705] systemd[1]: Started Forward Password Requests to Wall Directory Watch.
[[0;32m  OK  [0m] Started Forward Password Requests to Wall Directory Watch.
[    8.917936] systemd[1]: Created slice User and Session Slice.
[[0;32m  OK  [0m] Created slice User and Session Slice.
[    8.919331] systemd[1]: Created slice System Slice.
[[0;32m  OK  [0m] Created slice System Slice.
[    8.920492] systemd[1]: Listening on Journal Socket (/dev/log).
[[0;32m  OK  [0m] Listening on Journal Socket (/dev/log).
[[0;32m  OK  [0m] Created slice system-serial\x2dgetty.slice.
[[0;32m  OK  [0m] Listening on LVM2 metadata daemon socket.
[[0;32m  OK  [0m] Listening on LVM2 poll daemon socket.
[[0;32m  OK  [0m] Listening on Syslog Socket.
[[0;32m  OK  [0m] Reached target Slices.
[[0;32m  OK  [0m] Listening on Device-mapper event daemon FIFOs.
[[0;32m  OK  [0m] Listening on Journal Audit Socket.
[[0;32m  OK  [0m] Reached target System Time Synchronized.
[[0;32m  OK  [0m] Set up automount Arbitrary Executab…rmats File System Automount Point.
[[0;32m  OK  [0m] Listening on udev Kernel Socket.
[[0;32m  OK  [0m] Listening on udev Control Socket.
[[0;32m  OK  [0m] Reached target User and Group Name Lookups.
[[0;32m  OK  [0m] Listening on Network Service Netlink Socket.
[[0;32m  OK  [0m] Reached target Swap.
[[0;32m  OK  [0m] Listening on Journal Socket.
         Mounting Kernel Debug File System...
         Starting udev Coldplug all Devices...
         Starting Journal Service...
         Mounting POSIX Message Queue File System...
         Starting Remount Root and Kernel File Systems...
         Mountin[    9.041912] EXT4-fs (sda1): re-mounted. Opts: (null)
g Huge Pages File System...
         Starting Monitoring of LVM2 mirrors…ng dmeventd or progress polling...
         Starting Set the console keyboard layout...
         Starting Uncomplicated firewall...
         Starting Load Kernel Modules...
[[0;32m  OK  [0m] Listening on /dev/initctl Compatibility Named Pipe.
         Starting Create list of required st…ce nodes for the current kernel...
[[0;32m  OK  [0m] Started Journal Service.
[[0;32m  OK  [0m] Mounted Kernel Debug File System.
[[0;32m  OK  [0m] Mounted POSIX Message Queue File System.
[[0;32m  OK  [0m] Started Remount Root and Kernel File Systems.
[[0;32m  OK  [0m] Mounted Huge Pages File System.
         Starting Load/Save Random Seed...
[    9.081709] Loading iSCSI transport class v2.0-870.
         Starting Flush Journal to Persistent Storage...
[[0;32m  OK  [0[    9.211866] iscsi: registered transport (tcp)
m] Started Uncomplicated firewall.
[[0;32m  OK  [0m] Started Create list of required sta…vice nodes for the current kernel.
[[0;32m  OK  [0m] Started udev Coldplug all Devices.
[[0;32m  OK  [0m] Started Load/Save Random Seed.
[[0;32m  OK  [0m] Started LVM2 metadata daemon.
         Starting Create Static Device Nodes in /dev...
[    9.250220] systemd-journald[381]: Received request to flush runtime journal from PID 1
[    9.481802] iscsi: registered transport (iser)
[[0;32m  OK  [0m] Started Load Kernel Modules.
[[0;32m  OK  [0m] Started Create Static Device Nodes in /dev.
         Starting udev Kernel Device Manager...
         Starting Apply Kernel Variables...
         Mounting Kernel Configuration File System...
         Mounting FUSE Control File System...
[[0;32m  OK  [0m] Started Monitoring of LVM2 mirrors,…sing dmeventd or progress polling.
[[0;32m  OK  [0m] Started Flush Journal to Persistent Storage.
[[0;32m  OK  [0m] Mounted Kernel Configuration File System.
[[0;32m  OK  [0m] Mounted FUSE Control File System.
[[0;32m  OK  [0m] Started udev Kernel Device Manager.
[[0;32m  OK  [0m] Started Set the console keyboard layout.
[[0;32m  OK  [0m] Reached target Local File Systems (Pre).
[[0;32m  OK  [0m] Reached target Local File Systems.
         Starting Commit a transient machine-id on disk...
         Starting ebtable[    9.692873] random: crng init done
s ruleset management...[    9.693333] random: 7 urandom warning(s) missed due to ratelimiting

         Starting Tell Plymouth To Write Out Runtime Data...
         Starting AppArmor initialization...
         Starting Set console font and keymap...
         Starting Create Volatile Files and Directories...
[[0;32m  OK  [0m] Started Dispatch Password Requests to Console Directory Watch.
[[0;32m  OK  [0m] Reached target Local Encrypted Volumes.
[[0;32m  OK  [0m] Started Tell Plymouth To Write Out Runtime Data.
[[0;32m  OK  [0m] Started Apply Kernel Variables.
[[0;32m  OK  [0m] Started Create Volatile Files and Directories.
         Starting Update UTMP about System Boot/Shutdown...
[[0;32m  OK  [0m] Started Set console font and keymap.
[[0;32m  OK  [0m] Started Update UTMP about System Boot/Shutdown.
[[0;32m  OK  [0m] Started Commit a transient machine-id on disk.
[[0;32m  OK  [0m] Started ebtables ruleset management.
[[0;32m  OK  [0m] Found device /dev/ttyS0.
[[0;32m  OK  [0m] Listening on Load/Save RF Kill Switch Status /dev/rfkill Watch.
[[0;32m  OK  [0m] Started AppArmor initialization.
         Starting Initial cloud-init job (pre-networking)...
[   11.146608] cloud-init[534]: Cloud-init v. 18.5-45-g3554ffe8-0ubuntu1~18.04.1 running 'init-local' at Fri, 26 Apr 2019 13:44:43 +0000. Up 10.88 seconds.
[[0;32m  OK  [0m] Started Initial cloud-init job (pre-networking).
[[0;32m  OK  [0m] Reached target Network (Pre).
         Starting Network Service...
[[0;32m  OK  [0m] Started Network Service.
         Starting Wait for Network to be Configured...
         Starting Network Name Resolution...
[[0;32m  OK  [0m] Started Network Name Resolution.
[[0;32m  OK  [0m] Reached target Network.
[[0;32m  OK  [0m] Reached target Host and Network Name Lookups.
[[0;32m  OK  [0m] Started Wait for Network to be Configured.
         Starting Initial cloud-init job (metadata service crawler)...
[   13.150887] cloud-init[647]: Cloud-init v. 18.5-45-g3554ffe8-0ubuntu1~18.04.1 running 'init' at Fri, 26 Apr 2019 13:44:46 +0000. Up 13.05 seconds.
[   13.151919] cloud-init[647]: ci-info: ++++++++++++++++++++++++++++++++++++++Net device info++++++++++++++++++++++++++++++++++++++
[   13.152787] cloud-init[647]: ci-info: +--------+------+----------------------------+---------------+--------+-------------------+
[   13.153631] cloud-init[647]: ci-info: | Device |  Up  |          Address           |      Mask     | Scope  |     Hw-Address    |
[   13.154481] cloud-init[647]: ci-info: +--------+------+----------------------------+---------------+--------+-------------------+
[   13.155354] cloud-init[647]: ci-info: | enp0s3 | True |         10.0.2.15          | 255.255.255.0 | global | 02:be:86:f1:79:d5 |
[   13.156232] cloud-init[647]: ci-info: | enp0s3 | True | fe80::be:86ff:fef1:79d5/64 |       .       |  link  | 02:be:86:f1:79:d5 |
[   13.157076] cloud-init[647]: ci-info: |   lo   | True |         127.0.0.1          |   255.0.0.0   |  host  |         .         |
[   13.157932] cloud-init[647]: ci-info: |   lo   | True |          ::1/128           |       .       |  host  |         .         |
[   13.158796] cloud-init[647]: ci-info: +--------+------+----------------------------+---------------+--------+-------------------+
[   13.163109] cloud-init[647]: ci-info: ++++++++++++++++++++++++++++Route IPv4 info+++++++++++++++++++++++++++++
[   13.163904] cloud-init[647]: ci-info: +-------+-------------+----------+-----------------+-----------+-------+
[   13.164665] cloud-init[647]: ci-info: | Route | Destination | Gateway  |     Genmask     | Interface | Flags |
[   13.165418] cloud-init[647]: ci-info: +-------+-------------+----------+-----------------+-----------+-------+
[   13.166219] cloud-init[647]: ci-info: |   0   |   0.0.0.0   | 10.0.2.2 |     0.0.0.0     |   enp0s3  |   UG  |
[   13.167085] cloud-init[647]: ci-info: |   1   |   10.0.2.0  | 0.0.0.0  |  255.255.255.0  |   enp0s3  |   U   |
[   13.168054] cloud-init[647]: ci-info: |   2   |   10.0.2.2  | 0.0.0.0  | 255.255.255.255 |   enp0s3  |   UH  |
[   13.170683] cloud-init[647]: ci-info: +-------+-------------+----------+-----------------+-----------+-------+
[   13.173004] cloud-init[647]: ci-info: +++++++++++++++++++Route IPv6 info+++++++++++++++++++
[   13.173703] cloud-init[647]: ci-info: +-------+-------------+---------+-----------+-------+
[   13.174484] cloud-init[647]: ci-info: | Route | Destination | Gateway | Interface | Flags |
[   13.175245] cloud-init[647]: ci-info: +-------+-------------+---------+-----------+-------+
[   13.176011] cloud-init[647]: ci-info: |   1   |  fe80::/64  |    ::   |   enp0s3  |   U   |
[   13.176792] cloud-init[647]: ci-info: |   3   |    local    |    ::   |   enp0s3  |   U   |
[   13.177544] cloud-init[647]: ci-info: |   4   |   ff00::/8  |    ::   |   enp0s3  |   U   |
[   13.178292] cloud-init[647]: ci-info: +-------+-------------+---------+-----------+-------+
[   13.689426] cloud-init[647]: Generating public/private rsa key pair.
[   13.690167] cloud-init[647]: Your identification has been saved in /etc/ssh/ssh_host_rsa_key.
[   13.700156] cloud-init[647]: Your public key has been saved in /etc/ssh/ssh_host_rsa_key.pub.
[   13.700966] cloud-init[647]: The key fingerprint is:
[   13.701413] cloud-init[647]: SHA256:L8/nMVfpVDcgOtqaTHHKoZLArw9i/br5FMQjwrm9Qx0 root@ubuntu-bionic
[   13.702149] cloud-init[647]: The key's randomart image is:
[   13.702672] cloud-init[647]: +---[RSA 2048]----+
[   13.703121] cloud-init[647]: |           . .   |
[   13.703572] cloud-init[647]: |o . .     . . .  |
[   13.704047] cloud-init[647]: | * . E o +     .o|
[   13.704499] cloud-init[647]: |  * = = B .     =|
[   13.709180] cloud-init[647]: | . * + =S.     o.|
[   13.709708] cloud-init[647]: |  + o + o.    o. |
[   13.710205] cloud-init[647]: |.+ + . +. . o .. |
[   13.710704] cloud-init[647]: |o o =    +  .+   |
[   13.711202] cloud-init[647]: |   =+o    oo.    |
[   13.711696] cloud-init[647]: +----[SHA256]-----+
[   13.712193] cloud-init[647]: Generating public/private dsa key pair.
[   13.712839] cloud-init[647]: Your identification has been saved in /etc/ssh/ssh_host_dsa_key.
[   13.714638] cloud-init[647]: Your public key has been saved in /etc/ssh/ssh_host_dsa_key.pub.
[   13.719553] cloud-init[647]: The key fingerprint is:
[   13.720072] cloud-init[647]: SHA256:cp1FzrMlzXkVNIHF5mK5a1lwwn9iQmP+M/HxQP8/V1M root@ubuntu-bionic
[   13.720826] cloud-init[647]: The key's randomart image is:
[   13.721354] cloud-init[647]: +---[DSA 1024]----+
[   13.721804] cloud-init[647]: |            . =*+|
[   13.722251] cloud-init[647]: |           + + +o|
[   13.722686] cloud-init[647]: |            B O .|
[   13.723116] cloud-init[647]: |         . o+%.+E|
[   13.723546] cloud-init[647]: |      . S o+ooB..|
[   13.723986] cloud-init[647]: |       o    o.==+|
[   13.724448] cloud-init[647]: |             ++=B|
[   13.724908] cloud-init[647]: |             ++.=|
[   13.725355] cloud-init[647]: |            .  o=|
[   13.725803] cloud-init[647]: +----[SHA256]-----+
[   13.726246] cloud-init[647]: Generating public/private ecdsa key pair.
[   13.726851] cloud-init[647]: Your identification has been saved in /etc/ssh/ssh_host_ecdsa_key.
[   13.730797] cloud-init[647]: Your public key has been saved in /etc/ssh/ssh_host_ecdsa_key.pub.
[[0;32m  OK  [0m] Started Initial cloud-init job (metadata service crawler).
[[0;32m  OK  [0m] Reached target System Initialization.
[   13.739462] cloud-init[647]: The key fingerprint is:
[[   13.741735] cloud-init[647]: SHA256:xLvKLDXIbt9NFI1GsbNMa45akdBC3YoL+FESig2ohz8 root@ubuntu-bionic
[   13.741848] cloud-init[647]: The key's randomart image is:
[   13.742024] cloud-init[647]: +---[ECDSA 256]---+
[   13.742202] cloud-init[647]: |o   .... .o.     |
[   13.742387] cloud-init[647]: |.+ ....o...+     |
[   13.742570] cloud-init[647]: |o.o. oo.+.B .    |
[   13.742753] cloud-init[647]: |o o o .+.* =     |
[   13.742929] cloud-init[647]: | o o + .S *      |
[   13.743110] cloud-init[647]: |  E + +  B       |
[   13.743292] cloud-init[647]: |   o . .+ o      |
[   13.743474] cloud-init[647]: |    +o = o       |
[   13.743656] cloud-init[647]: |   . o* . .      |
[   13.743837] cloud-init[647]: +----[SHA256]-----+
[   13.744121] cloud-init[647]: Generating public/private ed25519 key pair.
[   13.744303] cloud-init[647]: Your identification has been saved in /etc/ssh/ssh_host_ed25519_key.
[   13.744649] cloud-init[647]: Your public key has been saved in /etc/ssh/ssh_host_ed25519_key.pub.
[   13.744817] cloud-init[647]: The key fingerprint is:
[   13.744997] cloud-init[647]: SHA256:L1bfsKNl+lomvRve1UAcpf3Pb8HccC7mnAHpbsqmCfo root@ubuntu-bionic
[   13.745179] cloud-init[647]: The key's randomart image is:
[   13.745359] cloud-init[647]: +--[ED25519 256]--+
[   13.745458] cloud-init[647]: |              ...|
[   13.745640] cloud-init[647]: |             . + |
[   13.745823] cloud-init[647]: |             .+ .|
[   13.746004] cloud-init[647]: |            o.. o|
[   13.746184] cloud-init[647]: |        S ....++o|
[   13.746373] cloud-init[647]: |         o o.++*=|
[   13.746575] cloud-init[647]: |      . o o.@+.+*|
[   13.746762] cloud-init[647]: |     . o +.Xo=+.o|
[   13.746959] cloud-init[647]: |    ..E oo*==....|
[   13.747137] cloud-init[647]: +----[SHA256]-----+
[0;32m  OK  [0m] Started ACPI Events Check.
[[0;32m  OK  [0m] Reached target Paths.
[[0;32m  OK  [0m] Started Daily Cleanup of Temporary Directories.
[[0;32m  OK  [0m] Listening on D-Bus System Message Bus Socket.
         Starting Socket activation for snappy daemon.
[[0;32m  OK  [0m] Listening on ACPID Listen Socket.
[[0;32m  OK  [0m] Started Daily apt download activities.
[[0;32m  OK  [0m] Started Message of the Day.
[[0;32m  OK  [0m] Listening on UUID daemon activation socket.
[[0;32m  OK  [0m] Started Discard unused blocks once a week.
[[0;32m  OK  [0m] Listening on Open-iSCSI iscsid Socket.
[[0;32m  OK  [0m] Started Daily apt upgrade and clean activities.
[[0;32m  OK  [0m] Reached target Timers.
         Starting LXD - unix socket.
[[0;32m  OK  [0m] Reached target Network is Online.
         Starting Availability of block devices...
[[0;32m  OK  [0m] Reached target Remote File Systems (Pre).
[[0;32m  OK  [0m] Reached target Remote File Systems.
[[0;32m  OK  [0m] Reached target Cloud-config availability.
[[0;32m  OK  [0m] Listening on Socket activation for snappy daemon.
[[0;32m  OK  [0m] Listening on LXD - unix socket.
[[0;32m  OK  [0m] Reached target Sockets.
[[0;32m  OK  [0m] Reached target Basic System.
         Starting Virtualbox guest utils...
         Starting LXD - container startup/shutdown...
         Starting Pollinate to seed the pseudo random number generator...
[[0;32m  OK  [0m] Started irqbalance daemon.
[[0;32m  OK  [0m] Started Deferred execution scheduler.
         Starting LSB: Record successful boot for GRUB...
         Starting LSB: automatic crash report generation...
         Starting Dispatcher daemon for systemd-networkd...
[[0;32m  OK  [0m] Started FUSE filesystem for LXC.
         Starting System Logging Service...
         Starting Accounts Service...
         Starting Snappy daemon...
[[0;32m  OK  [0m] Started D-Bus System Message Bus.
         Starting Permit User Sessions...
         Starting Login Service...
[[0;32m  OK  [0m] Started Regular background program processing daemon.
[[0;32m  OK  [0m] Started System Logging Service.
[[0;32m  OK  [0m] Started Availability of block devices.
[[0;32m  OK  [0m] Started LXD - container startup/shutdown.
[[0;32m  OK  [0m] Started Permit User Sessions.
         Starting Hold until boot process finishes up...
         Starting Terminate Plymouth Boot Screen...
[[0;32m  OK  [0m] Started Hold until boot process finishes up.
         Starting Set console scheme...
[[0;32m  OK  [0m] Started Serial Getty on ttyS0.
[[0;32m  OK  [0m] Started Terminate Plymouth Boot Screen.
[[0;32m  OK  [0m] Started Set console scheme.
[[0;32m  OK  [0m] Started Login Service.
[[0;32m  OK  [0m] Started Unattended Upgrades Shutdown.
[[0;32m  OK  [0m] Created slice system-getty.slice.
[[0;32m  OK  [0m] Started Getty on tty1.
[[0;32m  OK  [0m] Reached target Login Prompts.
         Starting Authorization Manager...
[[0;32m  OK  [0m] Started LSB: automatic crash report generation.
[[0;32m  OK  [0m] Started Authorization Manager.
[[0;32m  OK  [0m] Started Accounts Service.
[[0;32m  OK  [0m] Started LSB: Record successful boot for GRUB.
[[0;32m  OK  [0m] Started Virtualbox guest utils.
[[0;32m  OK  [0m] Started Dispatcher daemon for systemd-networkd.
[[0;32m  OK  [0m] Started Snappy daemon.
         Starting Wait until snapd is fully seeded...
[[0;32m  OK  [0m] Started Pollinate to seed the pseudo random number generator.
         Starting OpenBSD Secure Shell server...
[[0;32m  OK  [0m] Started OpenBSD Secure Shell server.
[[0;32m  OK  [0m] Created slice User Slice of vagrant.
         Starting User Manager for UID 1000...
[[0;32m  OK  [0m] Started Session 1 of user vagrant.
[[0;32m  OK  [0m] Started User Manager for UID 1000.
[[0;32m  OK  [0m] Started Wait until snapd is fully seeded.
         Starting Apply the settings specified in cloud-config...
[[0;32m  OK  [0m] Reached target Multi-User System.
[[0;32m  OK  [0m] Reached target Graphical Interface.
         Starting Update UTMP about System Runlevel Changes...
[[0;32m  OK  [0m] Started Update UTMP about System Runlevel Changes.
[   19.178399] cloud-init[1406]: Cloud-init v. 18.5-45-g3554ffe8-0ubuntu1~18.04.1 running 'modules:config' at Fri, 26 Apr 2019 13:44:51 +0000. Up 18.90 seconds.
ci-info: no authorized ssh keys fingerprints found for user ubuntu.
<14>Apr 26 13:44:52 ec2: 
<14>Apr 26 13:44:52 ec2: #############################################################
<14>Apr 26 13:44:52 ec2: -----BEGIN SSH HOST KEY FINGERPRINTS-----
<14>Apr 26 13:44:52 ec2: 1024 SHA256:cp1FzrMlzXkVNIHF5mK5a1lwwn9iQmP+M/HxQP8/V1M root@ubuntu-bionic (DSA)
<14>Apr 26 13:44:52 ec2: 256 SHA256:xLvKLDXIbt9NFI1GsbNMa45akdBC3YoL+FESig2ohz8 root@ubuntu-bionic (ECDSA)
<14>Apr 26 13:44:52 ec2: 256 SHA256:L1bfsKNl+lomvRve1UAcpf3Pb8HccC7mnAHpbsqmCfo root@ubuntu-bionic (ED25519)
<14>Apr 26 13:44:52 ec2: 2048 SHA256:L8/nMVfpVDcgOtqaTHHKoZLArw9i/br5FMQjwrm9Qx0 root@ubuntu-bionic (RSA)
<14>Apr 26 13:44:52 ec2: -----END SSH HOST KEY FINGERPRINTS-----
<14>Apr 26 13:44:52 ec2: #############################################################
-----BEGIN SSH HOST KEY KEYS-----
ecdsa-sha2-nistp256 AAAAE2VjZHNhLXNoYTItbmlzdHAyNTYAAAAIbmlzdHAyNTYAAABBBOZo4LgcIRsuJYb43DnVwjYsot6Qfxt0nXZ0SlVBusX19DU2ipZGChVF4THr8yZhkgsWUCFhgKUXDl8pE+gXv6w= root@ubuntu-bionic
ssh-ed25519 AAAAC3NzaC1lZDI1NTE5AAAAICElLCRsEK498VjN+2J023rPbkXDqXvtN6OdtR+p15qV root@ubuntu-bionic
ssh-rsa AAAAB3NzaC1yc2EAAAADAQABAAABAQDhT2ticbf+Q9dEVwYVIpXUY1JNBt8ZU/6GhkXbMU7YGXIoI75QD7MgwnW/ckZCguQMSv/BS8wFXYtBmDPzxMXIsAi+qxy7s/h8CdsZj43sEMl0e/JR/XwD6MOFbKtZjQ81ainN3bfXoorUnqu3syTV73+Io6tSz0KU7fj3bjkaj2GU1/Yir1LP+3aexHBlpr4g4R5YXS5svn4eQtUOJXv9H1vvh8/5yiGpfGq0iX6qXwOzKvhhbec9bBq62XtpNFMp08beIW2fxOcFtyEUN4GGavKO+Isi+Tl1FbwWVWQVMrBPOTCdYofK1w7rI1b1hBnNpImlPXPOY3wN+hrtFPen root@ubuntu-bionic
-----END SSH HOST KEY KEYS-----
[   19.513396] cloud-init[1500]: Cloud-init v. 18.5-45-g3554ffe8-0ubuntu1~18.04.1 running 'modules:final' at Fri, 26 Apr 2019 13:44:52 +0000. Up 19.43 seconds.
[   19.513451] cloud-init[1500]: ci-info: no authorized ssh keys fingerprints found for user ubuntu.
[   19.513488] cloud-init[1500]: Cloud-init v. 18.5-45-g3554ffe8-0ubuntu1~18.04.1 finished at Fri, 26 Apr 2019 13:44:52 +0000. Datasource DataSourceNoCloud [seed=/dev/sdb][dsmode=net].  Up 19.50 seconds

Ubuntu 18.04.2 LTS ubuntu-bionic ttyS0

ubuntu-bionic login: 